2020-12-07 20:31:42 DEBUG Main:28 - User with email admin@admin.pl logged to application
2020-12-07 20:32:13 DEBUG Main:28 - User with email admin@admin.pl logged to application
2020-12-07 20:42:04 DEBUG Main:28 - User with email New logged to application
2020-12-07 20:55:07 DEBUG Main:28 - User with email New logged to application
2020-12-07 21:00:19 DEBUG Main:28 - User with email New logged to application
2020-12-07 21:00:33 DEBUG Main:28 - User with email New logged to application
2020-12-10 18:44:05 DEBUG Main:28 - User with email New logged to application
2020-12-10 18:44:32 DEBUG Main:28 - User with email New logged to application
2020-12-10 18:44:59 DEBUG Main:28 - User with email New logged to application
2020-12-10 18:46:10 DEBUG Main:28 - User with email New logged to application
2020-12-10 18:46:25 DEBUG Main:28 - User with email New logged to application
2020-12-10 18:48:59 DEBUG Main:42 - User with email New logged to application
2020-12-10 18:49:29 DEBUG Main:30 - User with email New logged to application
2020-12-10 19:01:08 DEBUG Main:35 - User with email New logged to application
2020-12-10 19:02:02 DEBUG Main:35 - User with email New logged to application
2020-12-10 19:10:58 DEBUG Main:35 - User with email New logged to application
2020-12-10 19:11:12 DEBUG Main:35 - User with email New logged to application
2020-12-10 19:14:43 DEBUG Main:35 - User with email New logged to application
2020-12-10 19:14:58 DEBUG Main:37 - User with email New logged to application
2020-12-10 19:16:26 DEBUG Main:39 - User with email New logged to application
2020-12-10 19:16:45 DEBUG Main:40 - User with email New logged to application
2020-12-10 19:22:25 DEBUG Main:37 - User with email New logged to application
2020-12-10 19:23:05 DEBUG Main:37 - User with email New logged to application
2020-12-10 19:24:03 DEBUG Main:37 - User with email New logged to application
2020-12-10 19:24:16 DEBUG Main:37 - User with email New logged to application
2020-12-10 19:24:27 DEBUG Main:37 - User with email New logged to application
2020-12-10 19:25:59 DEBUG Main:37 - User with email New logged to application
2020-12-10 19:26:14 DEBUG Main:37 - User with email New logged to application
2020-12-10 19:29:00 DEBUG Main:37 - User with email New logged to application
2020-12-10 19:29:35 DEBUG Main:37 - User with email New logged to application
2020-12-10 19:30:38 DEBUG Main:39 - User with email New logged to application
2020-12-10 19:31:40 DEBUG Main:39 - User with email New logged to application
2020-12-10 19:33:45 DEBUG Main:39 - User with email New logged to application
2020-12-10 19:34:02 DEBUG Main:39 - User with email New logged to application
2020-12-10 19:34:38 DEBUG Main:39 - User with email New logged to application
2020-12-10 19:35:15 DEBUG Main:39 - User with email New logged to application
2020-12-10 19:35:47 DEBUG Main:39 - User with email New logged to application
2020-12-10 19:36:28 DEBUG Main:39 - User with email New logged to application
2020-12-10 19:37:01 DEBUG Main:39 - User with email New logged to application
2020-12-10 19:37:37 DEBUG Main:39 - User with email New logged to application
2020-12-10 19:38:08 DEBUG Main:39 - User with email New logged to application
2020-12-10 19:39:44 DEBUG Main:39 - User with email New logged to application
2020-12-10 19:41:50 DEBUG Main:40 - User with email New logged to application
2020-12-10 19:42:11 DEBUG Main:40 - User with email New logged to application
2020-12-10 19:46:40 DEBUG Main:40 - User with email New logged to application
2020-12-10 19:50:46 DEBUG Main:40 - User with email New logged to application
2020-12-10 19:51:08 DEBUG Main:40 - User with email New logged to application
2020-12-10 19:51:46 DEBUG Main:40 - User with email New logged to application
2020-12-10 19:52:08 DEBUG Main:40 - User with email New logged to application
2020-12-10 19:52:30 DEBUG Main:38 - User with email New logged to application
2020-12-10 19:52:52 DEBUG Main:38 - User with email New logged to application
2020-12-10 19:53:33 DEBUG Main:38 - User with email New logged to application
2020-12-10 19:54:14 DEBUG Main:38 - User with email New logged to application
2020-12-10 19:54:42 DEBUG Main:38 - User with email New logged to application
2020-12-10 19:55:06 DEBUG Main:38 - User with email New logged to application
2020-12-10 19:55:53 DEBUG Main:38 - User with email New logged to application
2020-12-10 19:57:06 DEBUG Main:38 - User with email New logged to application
2020-12-10 19:58:23 DEBUG Main:38 - User with email New logged to application
2020-12-10 20:02:15 DEBUG Main:38 - User with email New logged to application
2020-12-10 20:04:10 DEBUG Main:38 - User with email New logged to application
2020-12-10 20:05:49 DEBUG Main:38 - User with email New logged to application
2020-12-10 20:06:18 DEBUG Main:38 - User with email New logged to application
2020-12-10 20:07:01 DEBUG Main:38 - User with email New logged to application
2020-12-10 20:07:30 DEBUG Main:38 - User with email New logged to application
2020-12-10 20:17:13 DEBUG Main:38 - User with email New logged to application
2020-12-10 20:24:02 DEBUG Main:38 - User with email New logged to application
2020-12-10 20:24:25 DEBUG Main:38 - User with email New logged to application
2020-12-10 20:36:39 DEBUG Main:38 - User with email New logged to application
2020-12-10 20:37:34 DEBUG Main:38 - User with email New logged to application
2020-12-10 20:39:03 DEBUG Main:38 - User with email New logged to application
2020-12-10 20:40:32 DEBUG Main:38 - User with email New logged to application
2020-12-10 20:48:33 DEBUG Main:39 - User with email New logged to application
2020-12-10 20:51:01 DEBUG Main:40 - User with email New logged to application
2020-12-10 20:51:58 DEBUG Main:40 - User with email New logged to application
2020-12-10 20:52:35 DEBUG Main:40 - User with email New logged to application
2020-12-10 20:53:22 DEBUG Main:40 - User with email New logged to application
2020-12-10 20:53:35 DEBUG Main:40 - User with email New logged to application
2020-12-10 20:53:55 DEBUG Main:40 - User with email New logged to application
2020-12-10 20:55:29 DEBUG Main:40 - User with email New logged to application
2020-12-10 20:57:06 DEBUG Main:40 - User with email New logged to application
2020-12-10 20:57:40 DEBUG Main:40 - User with email New logged to application
2020-12-10 21:04:51 DEBUG Main:40 - User with email New logged to application
2020-12-10 21:05:30 DEBUG Main:40 - User with email New logged to application
2020-12-10 21:05:56 DEBUG Main:40 - User with email New logged to application
2020-12-10 21:07:08 DEBUG Main:40 - User with email New logged to application
2020-12-10 21:07:47 DEBUG Main:40 - User with email New logged to application
2020-12-10 21:08:38 DEBUG Main:40 - User with email New logged to application
2020-12-10 21:09:44 DEBUG Main:40 - User with email New logged to application
2020-12-10 21:10:11 DEBUG Main:40 - User with email New logged to application
2020-12-10 21:10:24 DEBUG Main:40 - User with email New logged to application
2020-12-10 22:13:10 DEBUG Main:40 - User with email New logged to application
2020-12-10 22:17:06 DEBUG Main:40 - User with email New logged to application
2020-12-10 22:17:44 DEBUG Main:40 - User with email New logged to application
2020-12-10 22:18:05 DEBUG Main:40 - User with email New logged to application
2020-12-10 22:18:17 DEBUG Main:40 - User with email New logged to application
2020-12-10 22:18:35 DEBUG Main:40 - User with email New logged to application
2020-12-10 22:18:49 DEBUG Main:40 - User with email New logged to application
2020-12-10 22:19:01 DEBUG Main:40 - User with email New logged to application
2020-12-10 22:19:10 DEBUG Main:40 - User with email New logged to application
2020-12-10 22:19:35 DEBUG Main:40 - User with email New logged to application
2020-12-10 22:20:10 DEBUG Main:40 - User with email New logged to application
2020-12-10 22:20:55 DEBUG Main:40 - User with email New logged to application
2020-12-10 22:21:12 DEBUG Main:40 - User with email New logged to application
2020-12-10 22:22:25 DEBUG Main:40 - User with email New logged to application
2020-12-10 22:23:49 DEBUG Main:40 - User with email New logged to application
2020-12-10 22:24:07 DEBUG Main:40 - User with email New logged to application
2020-12-10 22:26:13 DEBUG Main:40 - User with email New logged to application
2020-12-10 22:27:03 DEBUG Main:40 - User with email New logged to application
2020-12-10 22:27:25 DEBUG Main:40 - User with email New logged to application
2020-12-10 22:31:52 DEBUG Main:40 - User with email New logged to application
2020-12-10 22:32:12 DEBUG Main:40 - User with email New logged to application
2020-12-10 22:33:31 DEBUG Main:40 - User with email New logged to application
2020-12-10 22:33:59 DEBUG Main:40 - User with email New logged to application
2020-12-10 22:34:46 DEBUG Main:40 - User with email New logged to application
2020-12-10 22:48:29 DEBUG Main:40 - User with email New logged to application
2020-12-10 22:48:55 DEBUG Main:40 - User with email New logged to application
2020-12-12 12:32:01 DEBUG Main:40 - User with email New logged to application
2020-12-12 12:47:30 DEBUG Main:40 - User with email New logged to application
2020-12-12 12:54:26 DEBUG Main:40 - User with email New logged to application
2020-12-12 13:14:07 DEBUG Main:40 - User with email New logged to application
2020-12-12 13:37:55 DEBUG Main:40 - User with email New logged to application
2020-12-12 13:38:53 DEBUG Main:40 - User with email New logged to application
2020-12-12 13:43:25 DEBUG Main:40 - User with email New logged to application
2020-12-12 13:44:09 DEBUG Main:40 - User with email New logged to application
2020-12-12 13:44:24 DEBUG Main:40 - User with email New logged to application
2020-12-12 13:46:01 DEBUG Main:40 - User with email New logged to application
2020-12-12 14:03:57 DEBUG Main:40 - User with email New logged to application
2020-12-12 14:05:29 DEBUG Main:40 - User with email New logged to application
2020-12-12 14:23:28 DEBUG Main:40 - User with email New logged to application
2020-12-12 14:26:45 DEBUG Main:40 - User with email New logged to application
2020-12-12 14:37:06 DEBUG Main:40 - User with email New logged to application
2020-12-12 14:40:23 DEBUG Main:40 - User with email New logged to application
2020-12-12 14:42:43 DEBUG Main:40 - User with email New logged to application
2020-12-12 16:23:55 DEBUG Main:40 - User with email New logged to application
2020-12-12 16:24:42 DEBUG Main:40 - User with email New logged to application
2020-12-12 16:25:14 DEBUG Main:40 - User with email New logged to application
2020-12-12 16:26:21 DEBUG Main:40 - User with email New logged to application
2020-12-12 16:26:52 DEBUG Main:40 - User with email New logged to application
2020-12-12 16:32:02 DEBUG Main:40 - User with email New logged to application
2020-12-12 16:33:12 DEBUG Main:40 - User with email New logged to application
2020-12-12 16:33:53 DEBUG Main:40 - User with email New logged to application
2020-12-12 16:34:38 DEBUG Main:40 - User with email New logged to application
2020-12-12 16:35:22 DEBUG Main:40 - User with email New logged to application
2020-12-12 16:39:20 DEBUG Main:40 - User with email New logged to application
2020-12-12 16:58:15 DEBUG Main:40 - User with email New logged to application
2020-12-12 17:00:26 DEBUG Main:40 - User with email New logged to application
2020-12-12 17:03:13 DEBUG Main:40 - User with email New logged to application
2020-12-12 17:04:37 DEBUG Main:40 - User with email New logged to application
2020-12-12 17:05:22 DEBUG Main:40 - User with email New logged to application
2020-12-12 17:08:03 DEBUG Main:40 - User with email New logged to application
2020-12-12 17:14:32 DEBUG Main:40 - User with email New logged to application
2020-12-12 18:58:15 DEBUG Main:40 - User with email New logged to application
2020-12-12 19:23:12 DEBUG Main:40 - User with email New logged to application
2020-12-12 19:24:16 DEBUG Main:40 - User with email New logged to application
2020-12-12 19:24:59 DEBUG Main:40 - User with email New logged to application
2020-12-12 19:55:36 DEBUG Main:40 - User with email New logged to application
2020-12-12 19:56:43 DEBUG Main:40 - User with email New logged to application
2020-12-12 19:57:40 DEBUG Main:40 - User with email New logged to application
2020-12-20 16:20:20 DEBUG Main:40 - User with email New logged to application
2020-12-20 16:28:33 DEBUG Main:40 - User with email New logged to application
2020-12-20 16:31:02 DEBUG Main:40 - User with email New logged to application
2020-12-20 16:36:22 DEBUG Main:40 - User with email New logged to application
2020-12-20 16:43:32 DEBUG Main:40 - User with email New logged to application
2020-12-20 16:54:45 DEBUG Main:40 - User with email New logged to application
2020-12-20 17:00:29 DEBUG Main:42 - User with email New logged to application
2020-12-20 17:01:45 DEBUG Main:42 - User with email New logged to application
2020-12-20 17:03:52 DEBUG Main:42 - User with email New logged to application
2020-12-20 17:07:39 DEBUG Main:42 - User with email New logged to application
2020-12-20 17:08:34 DEBUG Main:42 - User with email New logged to application
2020-12-20 17:08:53 DEBUG Main:42 - User with email New logged to application
2020-12-20 17:09:47 DEBUG Main:42 - User with email New logged to application
2020-12-20 17:27:39 DEBUG Main:42 - User with email New logged to application
2020-12-20 17:34:35 DEBUG Main:42 - User with email New logged to application
2020-12-20 18:13:14 DEBUG Main:42 - User with email New logged to application
2020-12-20 18:14:25 DEBUG Main:42 - User with email New logged to application
2020-12-20 18:14:57 DEBUG Main:42 - User with email New logged to application
2020-12-20 18:15:40 DEBUG Main:42 - User with email New logged to application
2020-12-20 18:16:53 DEBUG Main:42 - User with email New logged to application
2020-12-20 18:49:47 DEBUG Main:42 - User with email New logged to application
2020-12-20 18:58:45 DEBUG Main:42 - User with email admin@admin.pl logged to application
2020-12-20 18:59:24 DEBUG Main:42 - User with email admin@admin.pl logged to application
2020-12-22 20:32:23 DEBUG Main:42 - User with email New logged to application
2020-12-22 20:33:50 DEBUG Main:42 - User with email New logged to application
2020-12-22 20:35:04 DEBUG Main:42 - User with email New logged to application
2020-12-22 20:35:33 DEBUG Main:42 - User with email New logged to application
2020-12-22 20:36:06 DEBUG Main:42 - User with email New logged to application
2020-12-22 20:36:36 DEBUG Main:42 - User with email New logged to application
2020-12-22 20:36:56 DEBUG Main:42 - User with email New logged to application
2020-12-22 20:37:16 DEBUG Main:42 - User with email New logged to application
2020-12-22 20:40:02 DEBUG Main:42 - User with email New logged to application
2020-12-22 20:42:27 DEBUG Main:42 - User with email New logged to application
2020-12-22 20:42:38 DEBUG Main:42 - User with email New logged to application
2020-12-22 20:43:20 DEBUG Main:42 - User with email New logged to application
2020-12-22 20:43:30 DEBUG Main:42 - User with email New logged to application
2020-12-22 20:43:42 DEBUG Main:42 - User with email New logged to application
2020-12-22 20:43:56 DEBUG Main:42 - User with email New logged to application
2020-12-22 20:44:46 DEBUG Main:42 - User with email New logged to application
2020-12-22 20:53:42 DEBUG Main:42 - User with email New logged to application
2020-12-22 20:54:37 DEBUG Main:42 - User with email New logged to application
2020-12-22 21:10:03 DEBUG Main:42 - User with email New logged to application
2020-12-22 21:10:28 DEBUG Main:42 - User with email New logged to application
2020-12-22 21:11:06 DEBUG Main:42 - User with email New logged to application
2020-12-22 21:11:42 DEBUG Main:42 - User with email New logged to application
2020-12-22 21:12:17 DEBUG Main:42 - User with email New logged to application
2020-12-22 21:14:29 DEBUG Main:42 - User with email New logged to application
2020-12-22 21:15:13 DEBUG Main:42 - User with email New logged to application
2020-12-22 21:15:40 DEBUG Main:42 - User with email New logged to application
2020-12-22 21:16:07 DEBUG Main:42 - User with email New logged to application
2020-12-22 21:17:04 DEBUG Main:42 - User with email New logged to application
2020-12-22 21:18:30 DEBUG Main:42 - User with email New logged to application
2020-12-22 21:18:52 DEBUG Main:42 - User with email New logged to application
2020-12-22 21:20:12 DEBUG Main:42 - User with email New logged to application
2020-12-22 21:21:14 DEBUG Main:42 - User with email New logged to application
2020-12-22 21:22:57 DEBUG Main:42 - User with email New logged to application
2020-12-22 21:24:22 DEBUG Main:42 - User with email New logged to application
2020-12-22 21:25:05 DEBUG Main:42 - User with email New logged to application
2020-12-22 21:30:02 DEBUG Main:42 - User with email New logged to application
2020-12-22 21:30:59 DEBUG Main:42 - User with email New logged to application
2020-12-23 18:28:08 DEBUG Main:42 - User with email New logged to application
2020-12-23 19:58:49 DEBUG Main:44 - User with email New logged to application
2020-12-23 20:00:26 DEBUG Main:44 - User with email New logged to application
2020-12-23 20:02:10 DEBUG Main:44 - User with email New logged to application
2020-12-23 20:03:20 DEBUG Main:44 - User with email New logged to application
2020-12-23 20:03:53 DEBUG Main:44 - User with email New logged to application
2020-12-23 20:04:35 DEBUG Main:44 - User with email New logged to application
2020-12-23 20:06:23 DEBUG Main:44 - User with email New logged to application
2020-12-23 20:13:30 DEBUG Main:44 - User with email New logged to application
2020-12-23 20:16:48 DEBUG Main:44 - User with email New logged to application
2020-12-23 20:17:58 DEBUG Main:44 - User with email New logged to application
2020-12-23 20:50:15 DEBUG Main:44 - User with email New logged to application
2020-12-23 20:51:03 DEBUG Main:44 - User with email New logged to application
2020-12-26 17:17:09 DEBUG Main:44 - User with email New logged to application
2020-12-26 17:18:46 DEBUG Main:44 - User with email New logged to application
2020-12-26 17:20:40 DEBUG Main:44 - User with email New logged to application
2020-12-26 17:22:05 DEBUG Main:44 - User with email New logged to application
2020-12-26 17:27:53 DEBUG Main:44 - User with email New logged to application
2020-12-26 17:30:38 DEBUG Main:44 - User with email New logged to application
2020-12-26 17:36:59 DEBUG Main:44 - User with email New logged to application
2020-12-26 17:39:09 DEBUG Main:44 - User with email New logged to application
2020-12-26 17:39:41 DEBUG Main:44 - User with email New logged to application
2020-12-26 17:41:22 DEBUG Main:44 - User with email New logged to application
2020-12-26 17:42:56 DEBUG Main:44 - User with email New logged to application
2020-12-26 17:43:38 DEBUG Main:44 - User with email New logged to application
2020-12-26 17:44:35 DEBUG Main:44 - User with email New logged to application
2020-12-26 17:45:09 DEBUG Main:44 - User with email New logged to application
2020-12-26 18:17:11 DEBUG Main:44 - User with email New logged to application
2020-12-26 18:18:38 DEBUG Main:44 - User with email New logged to application
2020-12-26 18:20:39 DEBUG Main:44 - User with email New logged to application
2020-12-26 18:26:38 DEBUG Main:44 - User with email New logged to application
2020-12-26 18:27:48 DEBUG Main:44 - User with email New logged to application
2020-12-26 18:27:57 DEBUG Main:44 - User with email New logged to application
2020-12-26 18:28:37 DEBUG Main:44 - User with email New logged to application
2020-12-26 20:03:52 DEBUG Main:44 - User with email New logged to application
2020-12-26 20:05:41 DEBUG Main:44 - User with email New logged to application
2020-12-26 20:07:25 DEBUG Main:44 - User with email New logged to application
2020-12-26 20:08:50 DEBUG Main:44 - User with email New logged to application
2020-12-26 20:10:38 DEBUG Main:44 - User with email New logged to application
2020-12-26 20:10:56 DEBUG Main:44 - User with email New logged to application
2020-12-26 20:11:35 DEBUG Main:44 - User with email New logged to application
2020-12-26 20:12:15 DEBUG Main:44 - User with email New logged to application
2020-12-26 20:12:31 DEBUG Main:44 - User with email New logged to application
2020-12-26 20:13:05 DEBUG Main:44 - User with email New logged to application
2020-12-26 20:14:15 DEBUG Main:44 - User with email New logged to application
2020-12-26 20:15:20 DEBUG Main:44 - User with email New logged to application
2020-12-26 20:17:35 DEBUG Main:44 - User with email New logged to application
2020-12-26 20:17:55 DEBUG Main:44 - User with email New logged to application
2020-12-26 20:18:29 DEBUG Main:44 - User with email New logged to application
2020-12-26 20:19:25 DEBUG Main:44 - User with email New logged to application
2020-12-26 20:20:15 DEBUG Main:44 - User with email New logged to application
2020-12-26 20:21:51 DEBUG Main:44 - User with email New logged to application
2020-12-26 20:24:02 DEBUG Main:44 - User with email New logged to application
2020-12-26 20:24:37 DEBUG Main:44 - User with email New logged to application
2020-12-26 20:25:08 DEBUG Main:44 - User with email New logged to application
2020-12-26 20:25:25 DEBUG Main:44 - User with email New logged to application
2020-12-26 20:25:39 DEBUG Main:44 - User with email New logged to application
2020-12-26 20:26:09 DEBUG Main:44 - User with email New logged to application
2020-12-26 20:27:01 DEBUG Main:44 - User with email New logged to application
2020-12-26 20:30:02 DEBUG Main:44 - User with email New logged to application
2020-12-26 20:31:14 DEBUG Main:44 - User with email New logged to application
2020-12-26 20:31:44 DEBUG Main:44 - User with email New logged to application
2020-12-26 20:32:24 DEBUG Main:44 - User with email New logged to application
2020-12-26 20:33:07 DEBUG Main:44 - User with email New logged to application
2020-12-26 20:48:50 DEBUG Main:44 - User with email New logged to application
2020-12-26 20:55:49 DEBUG Main:44 - User with email New logged to application
2020-12-26 20:57:29 DEBUG Main:44 - User with email New logged to application
2020-12-26 20:57:51 DEBUG Main:44 - User with email New logged to application
2020-12-26 20:58:15 DEBUG Main:44 - User with email New logged to application
2020-12-26 21:02:19 DEBUG Main:44 - User with email New logged to application
2020-12-26 21:06:57 DEBUG Main:44 - User with email New logged to application
2020-12-26 21:11:10 DEBUG Main:44 - User with email New logged to application
2020-12-26 21:11:31 DEBUG Main:44 - User with email New logged to application
2020-12-26 21:13:31 DEBUG Main:44 - User with email New logged to application
2020-12-26 21:13:46 DEBUG Main:44 - User with email New logged to application
2020-12-26 21:15:23 DEBUG Main:44 - User with email New logged to application
2020-12-26 21:16:56 DEBUG Main:44 - User with email New logged to application
2020-12-26 21:17:42 DEBUG Main:44 - User with email New logged to application
2020-12-26 21:18:10 DEBUG Main:44 - User with email New logged to application
2020-12-26 21:27:15 DEBUG Main:44 - User with email New logged to application
2020-12-27 19:12:22 DEBUG Main:44 - User with email New logged to application
2020-12-27 19:13:15 DEBUG Main:44 - User with email New logged to application
2020-12-27 19:14:16 DEBUG Main:44 - User with email New logged to application
2020-12-27 19:15:49 DEBUG Main:44 - User with email New logged to application
2020-12-27 19:16:49 DEBUG Main:44 - User with email New logged to application
2020-12-27 19:18:49 DEBUG Main:45 - User with email New logged to application
2020-12-27 19:19:06 DEBUG Main:46 - User with email New logged to application
2020-12-27 19:23:48 DEBUG Main:44 - User with email New logged to application
2020-12-27 19:28:53 DEBUG Main:44 - User with email New logged to application
2020-12-27 19:30:15 DEBUG Main:44 - User with email New logged to application
2020-12-27 19:31:32 DEBUG Main:44 - User with email New logged to application
2020-12-27 19:31:53 DEBUG Main:44 - User with email New logged to application
2020-12-27 19:32:40 DEBUG Main:44 - User with email New logged to application
2020-12-27 19:34:55 DEBUG Main:44 - User with email New logged to application
2020-12-27 19:43:09 DEBUG Main:44 - User with email New logged to application
2020-12-27 19:45:46 DEBUG Main:44 - User with email New logged to application
2020-12-27 19:48:26 DEBUG Main:44 - User with email New logged to application
2020-12-27 19:53:05 DEBUG Main:44 - User with email New logged to application
2020-12-27 19:59:10 DEBUG Main:44 - User with email New logged to application
2020-12-27 20:02:15 DEBUG Main:44 - User with email New logged to application
2020-12-27 20:05:27 DEBUG Main:44 - User with email New logged to application
2020-12-27 20:07:04 DEBUG Main:44 - User with email New logged to application
2020-12-27 20:07:32 DEBUG Main:44 - User with email NEW logged to application
2020-12-27 20:07:50 DEBUG Main:44 - User with email New logged to application
2020-12-27 20:08:41 DEBUG Main:44 - User with email New logged to application
2020-12-27 20:09:06 DEBUG Main:44 - User with email NEW logged to application
2020-12-27 20:09:25 DEBUG Main:44 - User with email New logged to application
2020-12-27 20:10:20 DEBUG Main:44 - User with email New logged to application
2020-12-27 20:10:53 DEBUG Main:44 - User with email New logged to application
2020-12-27 20:11:56 DEBUG Main:44 - User with email New logged to application
2020-12-27 20:13:24 DEBUG Main:44 - User with email New logged to application
2020-12-27 20:13:47 DEBUG Main:44 - User with email aasd logged to application
2020-12-27 20:14:18 DEBUG Main:44 - User with email New logged to application
2020-12-27 20:14:43 DEBUG Main:44 - User with email New logged to application
2020-12-27 20:15:55 DEBUG Main:44 - User with email New logged to application
2020-12-27 20:16:32 DEBUG Main:44 - User with email New logged to application
2020-12-27 20:16:49 DEBUG Main:44 - User with email New logged to application
2020-12-27 20:17:16 DEBUG Main:44 - User with email asd logged to application
2020-12-31 16:51:43 DEBUG Main:42 - User with email New logged to application
2020-12-31 16:57:25 DEBUG Main:42 - User with email New logged to application
2020-12-31 17:05:59 DEBUG Main:42 - User with email New logged to application
2020-12-31 17:09:42 DEBUG Main:42 - User with email New logged to application
